This file contains any messages produced by compilers while
running configure, to aid debugging if configure makes a mistake.

It was created by FoX configure 4.1.2, which was
generated by GNU Autoconf 2.61.  Invocation command line was

  $ ./configure 

## --------- ##
## Platform. ##
## --------- ##

hostname = dsp0677850
uname -m = x86_64
uname -r = 3.16.0-10-amd64
uname -s = Linux
uname -v = #1 SMP Debian 3.16.72-1+c9+1 (2019-08-14)

/usr/bin/uname -p = unknown
/bin/uname -X     = unknown

/bin/arch              = unknown
/usr/bin/arch -k       = unknown
/usr/convex/getsysinfo = unknown
/usr/bin/hostinfo      = unknown
/bin/machine           = unknown
/usr/bin/oslevel       = unknown
/bin/universe          = unknown

PATH: /home/I21149/anaconda3/bin
PATH: /home/I21149/anaconda3/condabin
PATH: /home/I21149/Logiciels/SYSTEL/LIBRARY/med-3.2.0/arch/C9/bin
PATH: /home/I21149/Modeles/TELEMAC/trunk/scripts/python3
PATH: .
PATH: /home/I21149/Logiciels/convert
PATH: /home/I21149/Logiciels/p7zip
PATH: /home/I21149/Logiciels/simplenote/opt/Simplenote
PATH: /home/I21149/Logiciels/atom/bin
PATH: /home/I21149/Logiciels/modflow_2005/make
PATH: /home/I21149/Logiciels/modflow_nwt/src
PATH: /home/I21149/Logiciels/apache-maven-3.5.0/bin
PATH: /home/I21149/Logiciels/Qpdf/bin
PATH: /home/I21149/Logiciels/pandoc/usr/bin
PATH: /home/I21149/Logiciels/intel/bin
PATH: /home/I21149/Logiciels/gephi-0.9.1/bin
PATH: /home/I21149/Logiciels/XMLSpear
PATH: /home/I21149/Logiciels/Curl/bin
PATH: /home/I21149/Logiciels/unixODBC/bin
PATH: /home/I21149/Logiciels/Xmind/usr/lib/xmind
PATH: /home/I21149/Logiciels/salome-hydro/appli_TRUNK
PATH: /home/I21149/Logiciels/R/bin
PATH: /home/I21149/Logiciels/rstudio/bin
PATH: /home/I21149/Logiciels/pycharm-community-2017.2/bin
PATH: /home/I21149/Logiciels/tapenade3.11/bin
PATH: /home/I21149/Logiciels/ffmpeg
PATH: .
PATH: /usr/local/bin
PATH: /usr/bin
PATH: /bin
PATH: /usr/local/games
PATH: /usr/games


## ----------- ##
## Core tests. ##
## ----------- ##

configure:1750: checking build system type
configure:1768: result: x86_64-unknown-linux-gnu
configure:1790: checking host system type
configure:1805: result: x86_64-unknown-linux-gnu
configure:1885: checking for xlf95
configure:1915: result: no
configure:1885: checking for lf95
configure:1915: result: no
configure:1885: checking for f95
configure:1901: found /usr/bin/f95
configure:1912: result: f95
configure:1942: checking for Fortran compiler version
configure:1945: f95 --version </dev/null >&5
GNU Fortran (Debian 4.9.2-10+deb8u2) 4.9.2
Copyright (C) 2014 Free Software Foundation, Inc.

GNU Fortran comes with NO WARRANTY, to the extent permitted by law.
You may redistribute copies of GNU Fortran
under the terms of the GNU General Public License.
For more information about these matters, see the file named COPYING

configure:1948: $? = 0
configure:1950: f95 -v </dev/null >&5
Using built-in specs.
COLLECT_GCC=f95
COLLECT_LTO_WRAPPER=/usr/lib/gcc/x86_64-linux-gnu/4.9/lto-wrapper
Target: x86_64-linux-gnu
Configured with: ../src/configure -v --with-pkgversion='Debian 4.9.2-10+deb8u2' --with-bugurl=file:///usr/share/doc/gcc-4.9/README.Bugs --enable-languages=c,c++,java,go,d,fortran,objc,obj-c++ --prefix=/usr --program-suffix=-4.9 --enable-shared --enable-linker-build-id --libexecdir=/usr/lib --without-included-gettext --enable-threads=posix --with-gxx-include-dir=/usr/include/c++/4.9 --libdir=/usr/lib --enable-nls --with-sysroot=/ --enable-clocale=gnu --enable-libstdcxx-debug --enable-libstdcxx-time=yes --enable-gnu-unique-object --disable-vtable-verify --enable-plugin --with-system-zlib --disable-browser-plugin --enable-java-awt=gtk --enable-gtk-cairo --with-java-home=/usr/lib/jvm/java-1.5.0-gcj-4.9-amd64/jre --enable-java-home --with-jvm-root-dir=/usr/lib/jvm/java-1.5.0-gcj-4.9-amd64 --with-jvm-jar-dir=/usr/lib/jvm-exports/java-1.5.0-gcj-4.9-amd64 --with-arch-directory=amd64 --with-ecj-jar=/usr/share/java/eclipse-ecj.jar --enable-objc-gc --enable-multiarch --with-arch-32=i586 --with-abi=m64 --with-multilib-list=m32,m64,mx32 --enable-multilib --with-tune=generic --enable-checking=release --build=x86_64-linux-gnu --host=x86_64-linux-gnu --target=x86_64-linux-gnu
Thread model: posix
gcc version 4.9.2 (Debian 4.9.2-10+deb8u2) 
configure:1953: $? = 0
configure:1955: f95 -V </dev/null >&5
f95: error: unrecognized command line option '-V'
f95: fatal error: no input files
compilation terminated.
configure:1958: $? = 4
configure:1971: checking for linker flag to name executables
configure:1979: $FC $ac_link_obj_flag""conftest$ac_exeext $FCFLAGS $LDFLAGS $FCFLAGS_SRCEXT conftest.$ac_ext $LIBS >&5
f95: error: /exe:conftest: No such file or directory
configure:1982: $? = 1
configure:1979: $FC $ac_link_obj_flag""conftest$ac_exeext $FCFLAGS $LDFLAGS $FCFLAGS_SRCEXT conftest.$ac_ext $LIBS >&5
f95: error: conftest: No such file or directory
configure:1982: $? = 1
configure:1979: $FC $ac_link_obj_flag""conftest$ac_exeext $FCFLAGS $LDFLAGS $FCFLAGS_SRCEXT conftest.$ac_ext $LIBS >&5
configure:1982: $? = 0
configure:1997: result: -o 
configure:2003: checking for Fortran compiler default output file name
configure:2030: $FC $ac_link_obj_flag""conftest$ac_exeext $FCFLAGS $LDFLAGS $FCFLAGS_SRCEXT conftest.$ac_ext $LIBS >&5
configure:2033: $? = 0
configure:2079: result: conftest
configure:2084: checking whether the Fortran compiler works
configure:2094: ./conftest
configure:2097: $? = 0
configure:2114: result: yes
configure:2121: checking whether we are cross compiling
configure:2123: result: no
configure:2126: checking for suffix of executables
configure:2133: $FC $ac_link_obj_flag""conftest$ac_exeext $FCFLAGS $LDFLAGS $FCFLAGS_SRCEXT conftest.$ac_ext $LIBS >&5
configure:2136: $? = 0
configure:2160: result: 
configure:2166: checking for suffix of object files
configure:2182: f95 -c   conftest.f >&5
configure:2185: $? = 0
configure:2208: result: o
configure:2216: checking whether we are using the GNU Fortran compiler
configure:2235: f95 -c   conftest.F >&5
configure:2241: $? = 0
configure:2258: result: yes
configure:2264: checking whether f95 accepts -g
configure:2281: f95 -c -g  conftest.f >&5
configure:2287: $? = 0
configure:2303: result: yes
configure:2340: checking for Fortran flag needed to allow free-form source for .f90 suffix
configure:2367: f95 -c -O2 -fPIC  conftest.f90 >&5
configure:2373: $? = 0
configure:2392: result: none
configure:2467: checking for gcc
configure:2483: found /usr/bin/gcc
configure:2494: result: gcc
configure:2732: checking for C compiler version
configure:2739: gcc --version >&5
gcc (Debian 4.9.2-10+deb8u2) 4.9.2
Copyright (C) 2014 Free Software Foundation, Inc.
This is free software; see the source for copying conditions.  There is NO
warranty; not even for MERCHANTABILITY or FITNESS FOR A PARTICULAR PURPOSE.

configure:2742: $? = 0
configure:2749: gcc -v >&5
Using built-in specs.
COLLECT_GCC=gcc
COLLECT_LTO_WRAPPER=/usr/lib/gcc/x86_64-linux-gnu/4.9/lto-wrapper
Target: x86_64-linux-gnu
Configured with: ../src/configure -v --with-pkgversion='Debian 4.9.2-10+deb8u2' --with-bugurl=file:///usr/share/doc/gcc-4.9/README.Bugs --enable-languages=c,c++,java,go,d,fortran,objc,obj-c++ --prefix=/usr --program-suffix=-4.9 --enable-shared --enable-linker-build-id --libexecdir=/usr/lib --without-included-gettext --enable-threads=posix --with-gxx-include-dir=/usr/include/c++/4.9 --libdir=/usr/lib --enable-nls --with-sysroot=/ --enable-clocale=gnu --enable-libstdcxx-debug --enable-libstdcxx-time=yes --enable-gnu-unique-object --disable-vtable-verify --enable-plugin --with-system-zlib --disable-browser-plugin --enable-java-awt=gtk --enable-gtk-cairo --with-java-home=/usr/lib/jvm/java-1.5.0-gcj-4.9-amd64/jre --enable-java-home --with-jvm-root-dir=/usr/lib/jvm/java-1.5.0-gcj-4.9-amd64 --with-jvm-jar-dir=/usr/lib/jvm-exports/java-1.5.0-gcj-4.9-amd64 --with-arch-directory=amd64 --with-ecj-jar=/usr/share/java/eclipse-ecj.jar --enable-objc-gc --enable-multiarch --with-arch-32=i586 --with-abi=m64 --with-multilib-list=m32,m64,mx32 --enable-multilib --with-tune=generic --enable-checking=release --build=x86_64-linux-gnu --host=x86_64-linux-gnu --target=x86_64-linux-gnu
Thread model: posix
gcc version 4.9.2 (Debian 4.9.2-10+deb8u2) 
configure:2752: $? = 0
configure:2759: gcc -V >&5
gcc: error: unrecognized command line option '-V'
gcc: fatal error: no input files
compilation terminated.
configure:2762: $? = 4
configure:2765: checking whether we are using the GNU C compiler
configure:2794: gcc -c   conftest.c >&5
configure:2800: $? = 0
configure:2817: result: yes
configure:2822: checking whether gcc accepts -g
configure:2852: gcc -c -g  conftest.c >&5
configure:2858: $? = 0
configure:2957: result: yes
configure:2974: checking for gcc option to accept ISO C89
configure:3048: gcc  -c -g -O2  conftest.c >&5
configure:3054: $? = 0
configure:3077: result: none needed
configure:3175: checking for fixed form Fortran preprocessor features
configure:3209: f95 -c   -O2 -fPIC conftest.F >&5
configure:3215: $? = 0
configure:3329: ${FC-fc} $ac_link_obj_flag""conftest${ac_exeext} $FPPFLAGS $FPPFLAGS_SRCEXT $FCFLAGS $LDFLAGS conftest.$ac_ext $LIBS >&5
configure:3335: $? = 0
configure:3329: ${FC-fc} $ac_link_obj_flag""conftest${ac_exeext} $FPPFLAGS $FPPFLAGS_SRCEXT $FCFLAGS $LDFLAGS conftest.$ac_ext $LIBS >&5
f95: error: unrecognized command line option '-WF,-DOK'
configure:3335: $? = 1
configure: failed program was:
| 
|       program main
| 
| #ifndef OK
|       syntax error
| #endif
| 
|       end
configure:3329: ${FC-fc} $ac_link_obj_flag""conftest${ac_exeext} $FPPFLAGS $FPPFLAGS_SRCEXT $FCFLAGS $LDFLAGS conftest.$ac_ext $LIBS >&5
f95: error: /DOK: No such file or directory
configure:3335: $? = 1
configure: failed program was:
| 
|       program main
| 
| #ifndef OK
|       syntax error
| #endif
| 
|       end
configure:3387: ${FC-fc} $ac_link_obj_flag""conftest${ac_exeext} $FPPFLAGS $FPPFLAGS_SRCEXT $FCFLAGS $LDFLAGS conftest.$ac_ext $LIBS >&5
configure:3393: $? = 0
configure:3550: ${FC-fc} $ac_link_obj_flag""conftest${ac_exeext} $FPPFLAGS $FPPFLAGS_SRCEXT $FCFLAGS $LDFLAGS conftest.$ac_ext $LIBS >&5
configure:3556: $? = 0
configure:3581: result: done.
configure:3585: checking whether f95 compiles programs with cpp directives
configure:3592: result: yes
configure:3598: checking whether f95 accepts -D
configure:3605: result: yes
configure:3610: checking whether f95 accepts -I
configure:3617: result: yes
configure:3650: checking whether f95 fulfils requested features
configure:3657: result: yes
configure:3661: checking preprocessing mode we may therefore use
configure:3667: result: direct
configure:4874: checking for Fortran flag needed to allow free-form preprocessed source for .F90 suffix
configure:4909: f95 -c -O2 -fPIC  conftest.F90 >&5
configure:4915: $? = 0
configure:4937: result: none
configure:5024: checking for ranlib
configure:5040: found /usr/bin/ranlib
configure:5051: result: ranlib
configure:5176: Could not determine type of compiler
configure:5326: checking for kind number produced by kind(1.0)
conftest.f:5.20:

      real(kind=mysp), pointer :: y                                     
                    1
Error: Kind 1 not supported for type REAL at (1)
conftest.f:6.6:

      y=>x                                                              
      1
Error: Non-POINTER in pointer association context (pointer assignment) at (1)
conftest.f:5.20:

      real(kind=mysp), pointer :: y                                     
                    1
Error: Kind 2 not supported for type REAL at (1)
conftest.f:6.6:

      y=>x                                                              
      1
Error: Non-POINTER in pointer association context (pointer assignment) at (1)
conftest.f:5.20:

      real(kind=mysp), pointer :: y                                     
                    1
Error: Kind 3 not supported for type REAL at (1)
conftest.f:6.6:

      y=>x                                                              
      1
Error: Non-POINTER in pointer association context (pointer assignment) at (1)
configure:5372: result: 4
configure:5383: checking for kind number produced by kind(1.0d0)
conftest.f:5.20:

      real(kind=mysp), pointer :: y                                     
                    1
Error: Kind 1 not supported for type REAL at (1)
conftest.f:6.6:

      y=>x                                                              
      1
Error: Non-POINTER in pointer association context (pointer assignment) at (1)
conftest.f:5.20:

      real(kind=mysp), pointer :: y                                     
                    1
Error: Kind 2 not supported for type REAL at (1)
conftest.f:6.6:

      y=>x                                                              
      1
Error: Non-POINTER in pointer association context (pointer assignment) at (1)
conftest.f:5.20:

      real(kind=mysp), pointer :: y                                     
                    1
Error: Kind 3 not supported for type REAL at (1)
conftest.f:6.6:

      y=>x                                                              
      1
Error: Non-POINTER in pointer association context (pointer assignment) at (1)
conftest.f:6.6:

      y=>x                                                              
      1
Error: Different types in pointer assignment at (1); attempted assignment of REAL(8) to REAL(4)
conftest.f:5.20:

      real(kind=mysp), pointer :: y                                     
                    1
Error: Kind 5 not supported for type REAL at (1)
conftest.f:6.6:

      y=>x                                                              
      1
Error: Non-POINTER in pointer association context (pointer assignment) at (1)
conftest.f:5.20:

      real(kind=mysp), pointer :: y                                     
                    1
Error: Kind 6 not supported for type REAL at (1)
conftest.f:6.6:

      y=>x                                                              
      1
Error: Non-POINTER in pointer association context (pointer assignment) at (1)
conftest.f:5.20:

      real(kind=mysp), pointer :: y                                     
                    1
Error: Kind 7 not supported for type REAL at (1)
conftest.f:6.6:

      y=>x                                                              
      1
Error: Non-POINTER in pointer association context (pointer assignment) at (1)
configure:5429: result: 8
configure:5440: checking for kind number produced by selected_real_kind(6,34)
conftest.f:5.20:

      real(kind=mysp), pointer :: y                                     
                    1
Error: Kind 1 not supported for type REAL at (1)
conftest.f:6.6:

      y=>x                                                              
      1
Error: Non-POINTER in pointer association context (pointer assignment) at (1)
conftest.f:5.20:

      real(kind=mysp), pointer :: y                                     
                    1
Error: Kind 2 not supported for type REAL at (1)
conftest.f:6.6:

      y=>x                                                              
      1
Error: Non-POINTER in pointer association context (pointer assignment) at (1)
conftest.f:5.20:

      real(kind=mysp), pointer :: y                                     
                    1
Error: Kind 3 not supported for type REAL at (1)
conftest.f:6.6:

      y=>x                                                              
      1
Error: Non-POINTER in pointer association context (pointer assignment) at (1)
configure:5486: result: 4
configure:5497: checking for kind number produced by selected_real_kind(15,300)
conftest.f:5.20:

      real(kind=mysp), pointer :: y                                     
                    1
Error: Kind 1 not supported for type REAL at (1)
conftest.f:6.6:

      y=>x                                                              
      1
Error: Non-POINTER in pointer association context (pointer assignment) at (1)
conftest.f:5.20:

      real(kind=mysp), pointer :: y                                     
                    1
Error: Kind 2 not supported for type REAL at (1)
conftest.f:6.6:

      y=>x                                                              
      1
Error: Non-POINTER in pointer association context (pointer assignment) at (1)
conftest.f:5.20:

      real(kind=mysp), pointer :: y                                     
                    1
Error: Kind 3 not supported for type REAL at (1)
conftest.f:6.6:

      y=>x                                                              
      1
Error: Non-POINTER in pointer association context (pointer assignment) at (1)
conftest.f:6.6:

      y=>x                                                              
      1
Error: Different types in pointer assignment at (1); attempted assignment of REAL(8) to REAL(4)
conftest.f:5.20:

      real(kind=mysp), pointer :: y                                     
                    1
Error: Kind 5 not supported for type REAL at (1)
conftest.f:6.6:

      y=>x                                                              
      1
Error: Non-POINTER in pointer association context (pointer assignment) at (1)
conftest.f:5.20:

      real(kind=mysp), pointer :: y                                     
                    1
Error: Kind 6 not supported for type REAL at (1)
conftest.f:6.6:

      y=>x                                                              
      1
Error: Non-POINTER in pointer association context (pointer assignment) at (1)
conftest.f:5.20:

      real(kind=mysp), pointer :: y                                     
                    1
Error: Kind 7 not supported for type REAL at (1)
conftest.f:6.6:

      y=>x                                                              
      1
Error: Non-POINTER in pointer association context (pointer assignment) at (1)
configure:5543: result: 8
configure:5569: checking how to compile a call to FLUSH
configure:5586: $FC $ac_link_obj_flag""conftest$ac_exeext $FCFLAGS $LDFLAGS $FCFLAGS_SRCEXT conftest.$ac_ext $LIBS >&5
configure:5592: $? = 0
configure:5728: result: default
configure:5740: checking how to compile a call to ABORT
configure:5757: $FC $ac_link_obj_flag""conftest$ac_exeext $FCFLAGS $LDFLAGS $FCFLAGS_SRCEXT conftest.$ac_ext $LIBS >&5
conftest.f:3.72:

      CALL ABORT("")                                                    
                                                                        1
Error: Too many arguments in call to 'abort' at (1)
configure:5763: $? = 1
configure: failed program was:
| 
|       PROGRAM TESTABORT
|       CALL ABORT("")
|       END PROGRAM TESTABORT
| 
configure:5794: $FC $ac_link_obj_flag""conftest$ac_exeext $FCFLAGS $LDFLAGS $FCFLAGS_SRCEXT conftest.$ac_ext $LIBS >&5
/tmp/ccQmKL73.o: In function `main':
conftest.f:(.text.startup+0x1d): undefined reference to `abort__'
collect2: error: ld returned 1 exit status
configure:5800: $? = 1
configure: failed program was:
| 
|       PROGRAM TESTABORT
|       CALL ABORT_
|       END PROGRAM TESTABORT
| 
configure:5831: $FC $ac_link_obj_flag""conftest$ac_exeext $FCFLAGS $LDFLAGS $FCFLAGS_SRCEXT conftest.$ac_ext $LIBS >&5
configure:5837: $? = 0
configure:5934: result: default
configure:5953: checking for EOR character used by f95
configure:5972: $FC $ac_link_obj_flag""conftest$ac_exeext $FCFLAGS $LDFLAGS $FCFLAGS_SRCEXT conftest.$ac_ext $LIBS >&5
configure:5975: $? = 0
configure:5981: ./conftest
configure:5984: $? = 0
configure:6021: result: LF
configure:6033: checking for ASSOCIATED in restricted expression bug
configure:6055: f95 -c -O2 -fPIC   conftest.f >&5
configure:6061: $? = 0
configure:6066: result: no
configure:6117: checking for a BSD-compatible install
configure:6173: result: /usr/bin/install -c
configure:6184: checking for a thread-safe mkdir -p
configure:6223: result: /bin/mkdir -p
configure:6245: checking for flag to alter module search path
configure:6255: f95 -c -O2 -fPIC   conftest.f >&5
configure:6261: $? = 0
configure:6283: f95 -c -O2 -fPIC  /Iconftestdir  conftest.f >&5
f95: error: /Iconftestdir: No such file or directory
configure:6289: $? = 1
configure: failed program was:
| 
|       subroutine test
|        use conftest
|        implicit none
|        i = 0
|       end subroutine test
| 
configure:6283: f95 -c -O2 -fPIC  -Iconftestdir  conftest.f >&5
configure:6289: $? = 0
configure:6306: result: -I
configure:6326: f95 -c -O2 -fPIC   conftest.f >&5
configure:6332: $? = 0
configure:6334: checking for suffix of module files
configure:6370: result: mod
configure:6372: checking whether module filenames are uppercased
configure:6374: result: no
configure:6519: creating ./config.status

## ---------------------- ##
## Running config.status. ##
## ---------------------- ##

This file was extended by FoX config.status 4.1.2, which was
generated by GNU Autoconf 2.61.  Invocation command line was

  CONFIG_FILES    = 
  CONFIG_HEADERS  = 
  CONFIG_LINKS    = 
  CONFIG_COMMANDS = 
  $ ./config.status 

on dsp0677850

config.status:616: creating arch.make
config.status:616: creating FoX-config

## ---------------- ##
## Cache variables. ##
## ---------------- ##

ac_cv_FC_check_output_eol=LF
ac_cv_build=x86_64-unknown-linux-gnu
ac_cv_c_compiler_gnu=yes
ac_cv_env_CC_set=
ac_cv_env_CC_value=
ac_cv_env_CFLAGS_set=
ac_cv_env_CFLAGS_value=
ac_cv_env_CPPFLAGS_set=
ac_cv_env_CPPFLAGS_value=
ac_cv_env_CPP_set=
ac_cv_env_CPP_value=
ac_cv_env_FCFLAGS_set=
ac_cv_env_FCFLAGS_value=
ac_cv_env_FC_set=
ac_cv_env_FC_value=
ac_cv_env_FPPFLAGS_set=
ac_cv_env_FPPFLAGS_value=
ac_cv_env_FPP_set=
ac_cv_env_FPP_value=
ac_cv_env_LDFLAGS_set=
ac_cv_env_LDFLAGS_value=
ac_cv_env_LIBS_set=
ac_cv_env_LIBS_value=
ac_cv_env_build_alias_set=
ac_cv_env_build_alias_value=
ac_cv_env_host_alias_set=
ac_cv_env_host_alias_value=
ac_cv_env_target_alias_set=
ac_cv_env_target_alias_value=
ac_cv_fc_compiler_gnu=yes
ac_cv_fc_freeform_f90=none
ac_cv_fc_mod_path_flag=-I
ac_cv_fc_real_kind_dp=8
ac_cv_fc_real_kind_ieee_dp=8
ac_cv_fc_real_kind_ieee_sp=4
ac_cv_fc_real_kind_sp=4
ac_cv_fpp_build_rule=direct
ac_cv_fpp_fixedform_F=none
ac_cv_fpp_freeform_F90=none
ac_cv_host=x86_64-unknown-linux-gnu
ac_cv_objext=o
ac_cv_path_install='/usr/bin/install -c'
ac_cv_path_mkdir=/bin/mkdir
ac_cv_prog_ac_ct_CC=gcc
ac_cv_prog_ac_ct_FC=f95
ac_cv_prog_ac_ct_RANLIB=ranlib
ac_cv_prog_cc_c89=
ac_cv_prog_cc_g=yes
ac_cv_prog_fc_cpp=yes
ac_cv_prog_fc_cpp_d=yes
ac_cv_prog_fc_cpp_i=yes
ac_cv_prog_fc_cpp_ok=yes
ac_cv_prog_fc_g=yes

## ----------------- ##
## Output variables. ##
## ----------------- ##

BUILD_TARGETS='wxml_lib wcml_lib wkml_lib sax_lib dom_lib'
CC='gcc'
CFLAGS='-g -O2'
CPP=''
CPPFLAGS=''
CYGPATH_W='echo'
DEFS='-DPACKAGE_NAME=\"FoX\" -DPACKAGE_TARNAME=\"fox\" -DPACKAGE_VERSION=\"4.1.2\" -DPACKAGE_STRING=\"FoX\ 4.1.2\" -DPACKAGE_BUGREPORT=\"a.walker@ucl.ac.uk\"'
DP_KIND='8'
ECHO_C=''
ECHO_N='-n'
ECHO_T=''
EXEEXT=''
F90_RULE='$(FC) -c $(FFLAGS) $(INCFLAGS) $(FPPFLAGS) $(FPPFLAGS_free_F90) $< '
FC='f95'
FCFLAGS='-O2 -fPIC '
FCFLAGS_free_f90=''
FC_MODEXT='mod'
FC_MODUPPERCASE='no'
FC_MOD_FLAG='-I'
FFLAGS=''
FFLAGS_MPI=''
FPP=''
FPPDIRECT_FALSE='#'
FPPDIRECT_TRUE=''
FPPFLAGS=' -DFC_HAVE_FLUSH -DFC_HAVE_ABORT -DFC_EOR_LF'
FPPFLAGS_DEF='-D'
FPPFLAGS_fixed_F=''
FPPFLAGS_free_F90=''
FPP_COMPILE_EXT='f90'
FPP_MAKE_FLAGS='$(DEFS) $(DEFAULT_INCLUDES) $(INCLUDES) $(CPPFLAGS)'
FPP_OUTPUT=' '
FPP_PREPROCESS_EXT='F90'
INSTALL_DATA='${INSTALL} -m 644'
INSTALL_PROGRAM='${INSTALL}'
INSTALL_SCRIPT='${INSTALL}'
LDFLAGS=''
LIBEXT='a'
LIBOBJS=''
LIBS=''
LINK_O_FLAG='-o '
LTLIBOBJS=''
OBJEXT='o'
OBJSDIR='/home/I21149/Modeles/R/mascaRet/src/Fox/objs'
PACKAGE_BUGREPORT='a.walker@ucl.ac.uk'
PACKAGE_NAME='FoX'
PACKAGE_STRING='FoX 4.1.2'
PACKAGE_TARNAME='fox'
PACKAGE_VERSION='4.1.2'
PATH_SEPARATOR=':'
RANLIB='ranlib'
SHELL='/bin/bash'
SP_KIND='4'
VPATH=''
ac_ct_CC='gcc'
ac_ct_FC='f95'
bindir='${exec_prefix}/bin'
build='x86_64-unknown-linux-gnu'
build_alias=''
build_cpu='x86_64'
build_os='linux-gnu'
build_vendor='unknown'
datadir='${datarootdir}'
datarootdir='${prefix}/share'
docdir='${datarootdir}/doc/${PACKAGE_TARNAME}'
dvidir='${docdir}'
exec_prefix='${prefix}'
host='x86_64-unknown-linux-gnu'
host_alias=''
host_cpu='x86_64'
host_os='linux-gnu'
host_vendor='unknown'
htmldir='${docdir}'
includedir='${prefix}/include'
infodir='${datarootdir}/info'
libdir='${exec_prefix}/lib'
libexecdir='${exec_prefix}/libexec'
localedir='${datarootdir}/locale'
localstatedir='${prefix}/var'
mandir='${datarootdir}/man'
oldincludedir='/usr/include'
pdfdir='${docdir}'
prefix='/usr/local'
program_transform_name='s,x,x,'
psdir='${docdir}'
sbindir='${exec_prefix}/sbin'
sharedstatedir='${prefix}/com'
sysconfdir='${prefix}/etc'
target_alias=''

## ----------- ##
## confdefs.h. ##
## ----------- ##

#define PACKAGE_NAME "FoX"
#define PACKAGE_TARNAME "fox"
#define PACKAGE_VERSION "4.1.2"
#define PACKAGE_STRING "FoX 4.1.2"
#define PACKAGE_BUGREPORT "a.walker@ucl.ac.uk"

configure: exit 0
